{
  "RSpec": {
    "coverage": {
      "/home/guilhermecosta/PROJECTS/THE ONE/notifier/app/controllers/customers_controller.rb": {
        "lines": [
          1,
          1,
          null,
          1,
          2,
          2,
          null,
          null,
          1,
          1,
          null,
          null,
          1,
          2,
          2,
          1,
          null,
          1,
          null,
          null,
          null,
          1,
          2,
          1,
          null,
          1,
          null,
          null,
          null,
          1,
          1,
          1,
          null,
          null,
          1,
          null,
          1,
          4,
          null,
          null,
          1,
          4,
          null,
          null
        ]
      },
      "/home/guilhermecosta/PROJECTS/THE ONE/notifier/app/controllers/application_controller.rb": {
        "lines": [
          1,
          null
        ]
      },
      "/home/guilhermecosta/PROJECTS/THE ONE/notifier/app/controllers/message_templates_controller.rb": {
        "lines": [
          1,
          1,
          null,
          1,
          2,
          2,
          null,
          null,
          1,
          1,
          null,
          null,
          1,
          2,
          2,
          1,
          null,
          1,
          null,
          null,
          null,
          1,
          2,
          1,
          null,
          1,
          null,
          null,
          null,
          1,
          1,
          1,
          null,
          null,
          1,
          null,
          1,
          4,
          null,
          null,
          1,
          4,
          null,
          null
        ]
      },
      "/home/guilhermecosta/PROJECTS/THE ONE/notifier/app/controllers/messages_controller.rb": {
        "lines": [
          1,
          1,
          2,
          2,
          null,
          null,
          1,
          2,
          2,
          1,
          null,
          1,
          null,
          null,
          null,
          1,
          null,
          1,
          2,
          null,
          null
        ]
      },
      "/home/guilhermecosta/PROJECTS/THE ONE/notifier/app/models/customer.rb": {
        "lines": [
          1,
          1,
          1,
          1,
          1,
          1,
          null,
          1,
          6,
          null,
          null,
          null,
          1,
          31,
          null,
          31,
          null,
          4,
          null,
          null
        ]
      },
      "/home/guilhermecosta/PROJECTS/THE ONE/notifier/app/models/message.rb": {
        "lines": [
          1,
          1,
          1,
          null,
          1,
          1,
          null,
          1,
          null,
          null,
          1,
          13,
          13,
          null,
          1,
          null,
          1,
          4,
          null,
          1,
          null,
          null,
          1,
          7,
          7,
          null,
          null,
          null,
          null,
          7,
          null,
          null,
          7,
          null,
          null,
          null,
          null,
          null,
          null,
          7,
          6,
          null,
          1,
          1,
          null,
          null,
          null,
          null,
          1,
          7,
          null,
          4,
          null,
          null,
          null,
          1,
          4,
          1,
          null,
          3,
          null,
          null,
          null,
          null,
          1,
          6,
          null,
          4,
          4,
          null,
          1,
          1,
          null,
          null,
          null,
          1,
          5,
          5,
          null,
          null,
          null,
          null,
          null,
          null,
          null,
          null
        ]
      },
      "/home/guilhermecosta/PROJECTS/THE ONE/notifier/app/models/message_template.rb": {
        "lines": [
          1,
          1,
          1,
          null,
          1,
          5,
          null,
          null,
          null,
          null,
          null,
          1,
          1,
          null,
          null,
          null,
          null,
          null
        ]
      }
    },
    "timestamp": 1717734725
  }
}
